Case #1: IMPOSSIBLE
Case #2: POSSIBLE
#.##
#||#
####
Case #3: POSSIBLE
-.
#|
Case #4: IMPOSSIBLE
Case #5: IMPOSSIBLE
Case #6: IMPOSSIBLE
Case #7: IMPOSSIBLE
Case #8: IMPOSSIBLE
Case #9: IMPOSSIBLE
Case #10: IMPOSSIBLE
Case #11: IMPOSSIBLE
Case #12: IMPOSSIBLE
Case #13: IMPOSSIBLE
Case #14: IMPOSSIBLE
Case #15: IMPOSSIBLE
Case #16: IMPOSSIBLE
Case #17: IMPOSSIBLE
Case #18: IMPOSSIBLE
Case #19: IMPOSSIBLE
Case #20: IMPOSSIBLE
Case #21: POSSIBLE
|#|.
###|
Case #22: IMPOSSIBLE
Case #23: IMPOSSIBLE
Case #24: IMPOSSIBLE
Case #25: IMPOSSIBLE
Case #26: IMPOSSIBLE
Case #27: IMPOSSIBLE
Case #28: IMPOSSIBLE
Case #29: IMPOSSIBLE
Case #30: IMPOSSIBLE
Case #31: IMPOSSIBLE
Case #32: IMPOSSIBLE
Case #33: POSSIBLE
-....
...-.
....-
..|..
.-...
Case #34: IMPOSSIBLE
Case #35: IMPOSSIBLE
Case #36: IMPOSSIBLE
Case #37: IMPOSSIBLE
Case #38: POSSIBLE
.
|
Case #39: IMPOSSIBLE
Case #40: IMPOSSIBLE
Case #41: IMPOSSIBLE
Case #42: IMPOSSIBLE
Case #43: IMPOSSIBLE
Case #44: IMPOSSIBLE
Case #45: IMPOSSIBLE
Case #46: IMPOSSIBLE
Case #47: IMPOSSIBLE
Case #48: IMPOSSIBLE
Case #49: IMPOSSIBLE
Case #50: POSSIBLE
...|
.|..
..-.
|...
####
Case #51: POSSIBLE
....|
.|...
|....
...|.
..-..
Case #52: POSSIBLE
.|...
..|..
-....
...-.
....|
Case #53: IMPOSSIBLE
Case #54: IMPOSSIBLE
Case #55: IMPOSSIBLE
Case #56: IMPOSSIBLE
Case #57: IMPOSSIBLE
Case #58: IMPOSSIBLE
Case #59: IMPOSSIBLE
Case #60: IMPOSSIBLE
Case #61: IMPOSSIBLE
Case #62: IMPOSSIBLE
Case #63: IMPOSSIBLE
Case #64: IMPOSSIBLE
Case #65: IMPOSSIBLE
Case #66: POSSIBLE
....|
.-...
...|.
|....
..|..
Case #67: IMPOSSIBLE
Case #68: IMPOSSIBLE
Case #69: IMPOSSIBLE
Case #70: IMPOSSIBLE
Case #71: IMPOSSIBLE
Case #72: IMPOSSIBLE
Case #73: IMPOSSIBLE
Case #74: IMPOSSIBLE
Case #75: IMPOSSIBLE
Case #76: IMPOSSIBLE
Case #77: IMPOSSIBLE
Case #78: IMPOSSIBLE
Case #79: POSSIBLE
#-
.-
Case #80: IMPOSSIBLE
Case #81: IMPOSSIBLE
Case #82: IMPOSSIBLE
Case #83: IMPOSSIBLE
Case #84: IMPOSSIBLE
Case #85: IMPOSSIBLE
Case #86: IMPOSSIBLE
Case #87: IMPOSSIBLE
Case #88: IMPOSSIBLE
Case #89: IMPOSSIBLE
Case #90: IMPOSSIBLE
Case #91: IMPOSSIBLE
Case #92: IMPOSSIBLE
Case #93: IMPOSSIBLE
Case #94: IMPOSSIBLE
Case #95: IMPOSSIBLE
Case #96: IMPOSSIBLE
Case #97: IMPOSSIBLE
Case #98: IMPOSSIBLE
Case #99: IMPOSSIBLE
